e:\sơn\running ninja\trainingframework\debug-nvidia\vc140.pdb
e:\sơn\running ninja\trainingframework\debug-nvidia\vc140.idb
e:\sơn\running ninja\trainingframework\debug-nvidia\resourcemanagers.obj
e:\sơn\running ninja\trainingframework\debug-nvidia\font.obj
e:\sơn\running ninja\trainingframework\debug-nvidia\gamebutton.obj
e:\sơn\running ninja\trainingframework\debug-nvidia\sprite2d.obj
e:\sơn\running ninja\trainingframework\debug-nvidia\camera.obj
e:\sơn\running ninja\trainingframework\debug-nvidia\sprite3d.obj
e:\sơn\running ninja\trainingframework\debug-nvidia\models.obj
e:\sơn\running ninja\trainingframework\debug-nvidia\shaders.obj
e:\sơn\running ninja\trainingframework\debug-nvidia\spriteanimation.obj
e:\sơn\running ninja\trainingframework\debug-nvidia\text.obj
e:\sơn\running ninja\trainingframework\debug-nvidia\texture.obj
e:\sơn\running ninja\trainingframework\debug-nvidia\gamestatebase.obj
e:\sơn\running ninja\trainingframework\debug-nvidia\gamestatemachine.obj
e:\sơn\running ninja\trainingframework\debug-nvidia\gscredits.obj
e:\sơn\running ninja\trainingframework\debug-nvidia\gsintro.obj
e:\sơn\running ninja\trainingframework\debug-nvidia\gsmenu.obj
e:\sơn\running ninja\trainingframework\debug-nvidia\gspause.obj
e:\sơn\running ninja\trainingframework\debug-nvidia\gsplay.obj
e:\sơn\running ninja\trainingframework\debug-nvidia\gssettings.obj
e:\sơn\running ninja\trainingframework\debug-nvidia\trainingframework.obj
e:\sơn\running ninja\trainingframework\debug-nvidia\application.obj
e:\sơn\running ninja\trainingframework\debug-nvidia\obstacle.obj
e:\sơn\running ninja\trainingframework\debug-nvidia\player.obj
e:\sơn\running ninja\bin-nvidia\runningninja.ilk
e:\sơn\running ninja\bin-nvidia\runningninja.exe
e:\sơn\running ninja\bin-nvidia\runningninja.pdb
e:\sơn\running ninja\trainingframework\debug-nvidia\trainingframework.vcxprojresolveassemblyreference.cache
e:\sơn\running ninja\\bin-nvidia\runningninja.pdb
e:\sơn\running ninja\\bin-nvidia\runningninja.exe
e:\sơn\running ninja\\bin-nvidia\runningninja.ilk
e:\sơn\running ninja\trainingframework\debug-nvidia\runningninja.tlog\cl.command.1.tlog
e:\sơn\running ninja\trainingframework\debug-nvidia\runningninja.tlog\cl.read.1.tlog
e:\sơn\running ninja\trainingframework\debug-nvidia\runningninja.tlog\cl.write.1.tlog
e:\sơn\running ninja\trainingframework\debug-nvidia\runningninja.tlog\link.command.1.tlog
e:\sơn\running ninja\trainingframework\debug-nvidia\runningninja.tlog\link.read.1.tlog
e:\sơn\running ninja\trainingframework\debug-nvidia\runningninja.tlog\link.write.1.tlog
