e:\sơn\programming_anim\trainingframework\debug-nvidia\vc140.pdb
e:\sơn\programming_anim\trainingframework\debug-nvidia\vc140.idb
e:\sơn\programming_anim\trainingframework\debug-nvidia\application.obj
e:\sơn\programming_anim\trainingframework\debug-nvidia\resourcemanagers.obj
e:\sơn\programming_anim\trainingframework\debug-nvidia\font.obj
e:\sơn\programming_anim\trainingframework\debug-nvidia\gamebutton.obj
e:\sơn\programming_anim\trainingframework\debug-nvidia\sprite2d.obj
e:\sơn\programming_anim\trainingframework\debug-nvidia\camera.obj
e:\sơn\programming_anim\trainingframework\debug-nvidia\sprite3d.obj
e:\sơn\programming_anim\trainingframework\debug-nvidia\models.obj
e:\sơn\programming_anim\trainingframework\debug-nvidia\shaders.obj
e:\sơn\programming_anim\trainingframework\debug-nvidia\spriteanimation.obj
e:\sơn\programming_anim\trainingframework\debug-nvidia\text.obj
e:\sơn\programming_anim\trainingframework\debug-nvidia\texture.obj
e:\sơn\programming_anim\trainingframework\debug-nvidia\gamestatebase.obj
e:\sơn\programming_anim\trainingframework\debug-nvidia\gamestatemachine.obj
e:\sơn\programming_anim\trainingframework\debug-nvidia\gsintro.obj
e:\sơn\programming_anim\trainingframework\debug-nvidia\gsmenu.obj
e:\sơn\programming_anim\trainingframework\debug-nvidia\gsplay.obj
e:\sơn\programming_anim\trainingframework\debug-nvidia\trainingframework.obj
e:\sơn\programming_anim\trainingframework\debug-nvidia\gspause.obj
e:\sơn\programming_anim\trainingframework\debug-nvidia\gssettings.obj
e:\sơn\programming_anim\trainingframework\debug-nvidia\gscredits.obj
e:\sơn\programming_anim\bin-nvidia\trainingframework.ilk
e:\sơn\programming_anim\bin-nvidia\trainingframework.exe
e:\sơn\programming_anim\bin-nvidia\trainingframework.pdb
e:\sơn\programming_anim\trainingframework\debug-nvidia\trainingframework.vcxprojresolveassemblyreference.cache
e:\sơn\programming_anim\\bin-nvidia\trainingframework.pdb
e:\sơn\programming_anim\\bin-nvidia\trainingframework.exe
e:\sơn\programming_anim\\bin-nvidia\trainingframework.ilk
e:\sơn\programming_anim\trainingframework\debug-nvidia\training.fc024ec8.tlog\cl.command.1.tlog
e:\sơn\programming_anim\trainingframework\debug-nvidia\training.fc024ec8.tlog\cl.read.1.tlog
e:\sơn\programming_anim\trainingframework\debug-nvidia\training.fc024ec8.tlog\cl.write.1.tlog
e:\sơn\programming_anim\trainingframework\debug-nvidia\training.fc024ec8.tlog\link.command.1.tlog
e:\sơn\programming_anim\trainingframework\debug-nvidia\training.fc024ec8.tlog\link.read.1.tlog
e:\sơn\programming_anim\trainingframework\debug-nvidia\training.fc024ec8.tlog\link.write.1.tlog
