  GameStatebase.cpp
  GSGameOver.cpp
src\GameStates\GSGameOver.cpp(27): warning C4244: 'argument': conversion from 'int' to 'GLfloat', possible loss of data
src\GameStates\GSGameOver.cpp(39): warning C4305: '=': truncation from 'double' to 'float'
src\GameStates\GSGameOver.cpp(52): warning C4305: '=': truncation from 'double' to 'float'
src\GameStates\GSGameOver.cpp(61): warning C4244: 'argument': conversion from 'int' to 'GLfloat', possible loss of data
src\GameStates\GSGameOver.cpp(67): warning C4244: 'argument': conversion from 'int' to 'GLfloat', possible loss of data
E:\Visual Studio\VC\include\memory(901): warning C4244: 'argument': conversion from 'double' to 'float', possible loss of data
  E:\Visual Studio\VC\include\memory(971): note: see reference to function template instantiation 'std::_Ref_count_obj<_Ty>::_Ref_count_obj<std::shared_ptr<Shaders>&,std::shared_ptr<Font>&,const char(&)[10],TEXT_COLOR,double>(std::shared_ptr<Shaders> &,std::shared_ptr<Font> &,const char (&)[10],TEXT_COLOR &&,double &&)' being compiled
          with
          [
              _Ty=Text
          ]
  E:\Visual Studio\VC\include\memory(971): note: see reference to function template instantiation 'std::_Ref_count_obj<_Ty>::_Ref_count_obj<std::shared_ptr<Shaders>&,std::shared_ptr<Font>&,const char(&)[10],TEXT_COLOR,double>(std::shared_ptr<Shaders> &,std::shared_ptr<Font> &,const char (&)[10],TEXT_COLOR &&,double &&)' being compiled
          with
          [
              _Ty=Text
          ]
  src\GameStates\GSGameOver.cpp(60): note: see reference to function template instantiation 'std::shared_ptr<Text> std::make_shared<Text,std::shared_ptr<Shaders>&,std::shared_ptr<Font>&,const char(&)[10],TEXT_COLOR,double>(std::shared_ptr<Shaders> &,std::shared_ptr<Font> &,const char (&)[10],TEXT_COLOR &&,double &&)' being compiled
LINK : warning LNK4098: defaultlib 'LIBCMT' conflicts with use of other libs; use /NODEFAULTLIB:library
  Generating code
  0 of 2339 functions ( 0.0%) were compiled, the rest were copied from previous compilation.
    0 functions were new in current compilation
    35 functions had inline decision re-evaluated but remain unchanged
  Finished generating code
  TrainingFramework.vcxproj -> E:\Son\Running Ninja\\BIN-Nvidia\RunningNinja.exe
  TrainingFramework.vcxproj -> E:\Son\Running Ninja\\BIN-Nvidia\RunningNinja.pdb (Full PDB)
